# JRE version: OpenJDK Runtime Environment (11.0.15) (build 11.0.15+0-b2043.56-9505619)
# Java VM: OpenJDK 64-Bit Server VM (11.0.15+0-b2043.56-9505619, mixed mode, tiered, compressed oops, g1 gc, windows-amd64)
Heap:
 garbage-first heap   total 251904K, used 113705K [0x00000000a0000000, 0x0000000100000000)
  region size 1024K, 63 young (64512K), 15 survivors (15360K)
 Metaspace       used 80128K, capacity 82708K, committed 83024K, reserved 1120256K
  class space    used 10437K, capacity 11396K, committed 11468K, reserved 1048576K
GC Heap History (18 events):
Event: 0.704 GC heap before
{Heap before GC invocations=0 (full 0):
 garbage-first heap   total 251904K, used 29696K [0x00000000a0000000, 0x0000000100000000)
  region size 1024K, 24 young (24576K), 0 survivors (0K)
 Metaspace       used 10142K, capacity 10345K, committed 10624K, reserved 1058816K
  class space    used 1033K, capacity 1108K, committed 1152K, reserved 1048576K
}
Event: 0.709 GC heap after
{Heap after GC invocations=1 (full 0):
 garbage-first heap   total 251904K, used 9965K [0x00000000a0000000, 0x0000000100000000)
  region size 1024K, 3 young (3072K), 3 survivors (3072K)
 Metaspace       used 10142K, capacity 10345K, committed 10624K, reserved 1058816K
  class space    used 1033K, capacity 1108K, committed 1152K, reserved 1048576K
}
Event: 2.371 GC heap before
{Heap before GC invocations=1 (full 0):
 garbage-first heap   total 251904K, used 104173K [0x00000000a0000000, 0x0000000100000000)
  region size 1024K, 95 young (97280K), 3 survivors (3072K)
 Metaspace       used 20740K, capacity 21178K, committed 21296K, reserved 1069056K
  class space    used 2490K, capacity 2661K, committed 2688K, reserved 1048576K
}
Event: 2.381 GC heap after
{Heap after GC invocations=2 (full 0):
 garbage-first heap   total 251904K, used 17372K [0x00000000a0000000, 0x0000000100000000)
  region size 1024K, 11 young (11264K), 11 survivors (11264K)
 Metaspace       used 20740K, capacity 21178K, committed 21296K, reserved 1069056K
  class space    used 2490K, capacity 2661K, committed 2688K, reserved 1048576K
}
Event: 2.568 GC heap before
{Heap before GC invocations=3 (full 0):
 garbage-first heap   total 251904K, used 38876K [0x00000000a0000000, 0x0000000100000000)
  region size 1024K, 32 young (32768K), 11 survivors (11264K)
 Metaspace       used 22511K, capacity 23025K, committed 23164K, reserved 1069056K
  class space    used 2815K, capacity 3003K, committed 3020K, reserved 1048576K
}
Event: 2.572 GC heap after
{Heap after GC invocations=4 (full 0):
 garbage-first heap   total 251904K, used 18459K [0x00000000a0000000, 0x0000000100000000)
  region size 1024K, 2 young (2048K), 2 survivors (2048K)
 Metaspace       used 22511K, capacity 23025K, committed 23164K, reserved 1069056K
  class space    used 2815K, capacity 3003K, committed 3020K, reserved 1048576K
}
Event: 3.859 GC heap before
{Heap before GC invocations=4 (full 0):
 garbage-first heap   total 251904K, used 116763K [0x00000000a0000000, 0x0000000100000000)
  region size 1024K, 99 young (101376K), 2 survivors (2048K)
 Metaspace       used 35134K, capacity 35898K, committed 36048K, reserved 1081344K
  class space    used 4513K, capacity 4855K, committed 4940K, reserved 1048576K
}
Event: 3.869 GC heap after
{Heap after GC invocations=5 (full 0):
 garbage-first heap   total 251904K, used 22677K [0x00000000a0000000, 0x0000000100000000)
  region size 1024K, 6 young (6144K), 6 survivors (6144K)
 Metaspace       used 35134K, capacity 35898K, committed 36048K, reserved 1081344K
  class space    used 4513K, capacity 4855K, committed 4940K, reserved 1048576K
}
Event: 5.792 GC heap before
{Heap before GC invocations=6 (full 0):
 garbage-first heap   total 251904K, used 170133K [0x00000000a0000000, 0x0000000100000000)
  region size 1024K, 147 young (150528K), 6 survivors (6144K)
 Metaspace       used 46369K, capacity 47608K, committed 47824K, reserved 1091584K
  class space    used 5918K, capacity 6365K, committed 6476K, reserved 1048576K
}
Event: 5.801 GC heap after
{Heap after GC invocations=7 (full 0):
 garbage-first heap   total 251904K, used 32169K [0x00000000a0000000, 0x0000000100000000)
  region size 1024K, 15 young (15360K), 15 survivors (15360K)
 Metaspace       used 46369K, capacity 47608K, committed 47824K, reserved 1091584K
  class space    used 5918K, capacity 6365K, committed 6476K, reserved 1048576K
}
Event: 7.587 GC heap before
{Heap before GC invocations=7 (full 0):
 garbage-first heap   total 251904K, used 175529K [0x00000000a0000000, 0x0000000100000000)
  region size 1024K, 147 young (150528K), 15 survivors (15360K)
 Metaspace       used 53073K, capacity 54751K, committed 55120K, reserved 1097728K
  class space    used 6851K, capacity 7512K, committed 7628K, reserved 1048576K
}
Event: 7.597 GC heap after
{Heap after GC invocations=8 (full 0):
 garbage-first heap   total 251904K, used 50453K [0x00000000a0000000, 0x0000000100000000)
  region size 1024K, 19 young (19456K), 19 survivors (19456K)
 Metaspace       used 53073K, capacity 54751K, committed 55120K, reserved 1097728K
  class space    used 6851K, capacity 7512K, committed 7628K, reserved 1048576K
}
Event: 8.641 GC heap before
{Heap before GC invocations=8 (full 0):
 garbage-first heap   total 251904K, used 140565K [0x00000000a0000000, 0x0000000100000000)
  region size 1024K, 108 young (110592K), 19 survivors (19456K)
 Metaspace       used 58596K, capacity 60368K, committed 60496K, reserved 1101824K
  class space    used 7592K, capacity 8309K, committed 8396K, reserved 1048576K
}
Event: 8.655 GC heap after
{Heap after GC invocations=9 (full 0):
 garbage-first heap   total 251904K, used 54482K [0x00000000a0000000, 0x0000000100000000)
  region size 1024K, 4 young (4096K), 4 survivors (4096K)
 Metaspace       used 58596K, capacity 60368K, committed 60496K, reserved 1101824K
  class space    used 7592K, capacity 8309K, committed 8396K, reserved 1048576K
}
Event: 10.893 GC heap before
{Heap before GC invocations=10 (full 0):
 garbage-first heap   total 251904K, used 171218K [0x00000000a0000000, 0x0000000100000000)
  region size 1024K, 119 young (121856K), 4 survivors (4096K)
 Metaspace       used 69110K, capacity 71332K, committed 71504K, reserved 1112064K
  class space    used 9066K, capacity 9905K, committed 9932K, reserved 1048576K
}
Event: 10.898 GC heap after
{Heap after GC invocations=11 (full 0):
 garbage-first heap   total 251904K, used 57856K [0x00000000a0000000, 0x0000000100000000)
  region size 1024K, 7 young (7168K), 7 survivors (7168K)
 Metaspace       used 69110K, capacity 71332K, committed 71504K, reserved 1112064K
  class space    used 9066K, capacity 9905K, committed 9932K, reserved 1048576K
}
Event: 12.707 GC heap before
{Heap before GC invocations=11 (full 0):
 garbage-first heap   total 251904K, used 185856K [0x00000000a0000000, 0x0000000100000000)
  region size 1024K, 125 young (128000K), 7 survivors (7168K)
 Metaspace       used 79452K, capacity 81830K, committed 82000K, reserved 1120256K
  class space    used 10306K, capacity 11189K, committed 11212K, reserved 1048576K
}
Event: 12.714 GC heap after
{Heap after GC invocations=12 (full 0):
 garbage-first heap   total 251904K, used 65577K [0x00000000a0000000, 0x0000000100000000)
  region size 1024K, 15 young (15360K), 15 survivors (15360K)
 Metaspace       used 79452K, capacity 81830K, committed 82000K, reserved 1120256K
  class space    used 10306K, capacity 11189K, committed 11212K, reserved 1048576K
}

